0 info it worked if it ends with ok
1 verbose cli [ 'C:\\Program Files\\nodejs\\\\node.exe',
1 verbose cli   'C:\\Program Files\\nodejs\\node_modules\\npm\\bin\\npm-cli.js',
1 verbose cli   'install',
1 verbose cli   'nodejs=websocket' ]
2 info using npm@1.4.28
3 info using node@v0.10.36
4 verbose node symlink C:\Program Files\nodejs\\node.exe
5 verbose readDependencies using package.json deps
6 verbose cache add [ 'nodejs=websocket', null ]
7 verbose cache add name=undefined spec="nodejs=websocket" args=["nodejs=websocket",null]
8 verbose parsed url { protocol: null,
8 verbose parsed url   slashes: null,
8 verbose parsed url   auth: null,
8 verbose parsed url   host: null,
8 verbose parsed url   port: null,
8 verbose parsed url   hostname: null,
8 verbose parsed url   hash: null,
8 verbose parsed url   search: null,
8 verbose parsed url   query: null,
8 verbose parsed url   pathname: 'nodejs=websocket',
8 verbose parsed url   path: 'nodejs=websocket',
8 verbose parsed url   href: 'nodejs=websocket' }
9 silly lockFile 959bf498-nodejs-websocket nodejs=websocket
10 verbose lock nodejs=websocket C:\Users\Jarno\AppData\Roaming\npm-cache\959bf498-nodejs-websocket.lock
11 silly lockFile 959bf498-nodejs-websocket nodejs=websocket
12 silly lockFile 959bf498-nodejs-websocket nodejs=websocket
13 verbose addNamed [ 'nodejs=websocket', '' ]
14 verbose addNamed [ null, '*' ]
15 silly lockFile 18d6916d-nodejs-websocket nodejs=websocket@
16 verbose lock nodejs=websocket@ C:\Users\Jarno\AppData\Roaming\npm-cache\18d6916d-nodejs-websocket.lock
17 silly addNameRange { name: 'nodejs=websocket', range: '*', hasData: false }
18 verbose request where is /nodejs=websocket
19 verbose request registry https://registry.npmjs.org/
20 verbose request id b5cc0aa5f0863e71
21 verbose url raw /nodejs=websocket
22 verbose url resolving [ 'https://registry.npmjs.org/', './nodejs%3Dwebsocket' ]
23 verbose url resolved https://registry.npmjs.org/nodejs%3Dwebsocket
24 verbose request where is https://registry.npmjs.org/nodejs%3Dwebsocket
25 info trying registry request attempt 1 at 20:24:45
26 http GET https://registry.npmjs.org/nodejs%3Dwebsocket
27 http 404 https://registry.npmjs.org/nodejs%3Dwebsocket
28 verbose headers { date: 'Tue, 31 Mar 2015 18:24:50 GMT',
28 verbose headers   server: 'CouchDB/1.5.0 (Erlang OTP/R16B03)',
28 verbose headers   'content-type': 'application/json',
28 verbose headers   'cache-control': 'max-age=0',
28 verbose headers   'content-length': '51',
28 verbose headers   'accept-ranges': 'bytes',
28 verbose headers   via: '1.1 varnish',
28 verbose headers   age: '0',
28 verbose headers   'x-served-by': 'cache-ams4140-AMS',
28 verbose headers   'x-cache': 'MISS',
28 verbose headers   'x-cache-hits': '0',
28 verbose headers   'x-timer': 'S1427826290.358153,VS0,VE166',
28 verbose headers   'keep-alive': 'timeout=10, max=50',
28 verbose headers   connection: 'Keep-Alive' }
29 silly registry.get cb [ 404,
29 silly registry.get   { date: 'Tue, 31 Mar 2015 18:24:50 GMT',
29 silly registry.get     server: 'CouchDB/1.5.0 (Erlang OTP/R16B03)',
29 silly registry.get     'content-type': 'application/json',
29 silly registry.get     'cache-control': 'max-age=0',
29 silly registry.get     'content-length': '51',
29 silly registry.get     'accept-ranges': 'bytes',
29 silly registry.get     via: '1.1 varnish',
29 silly registry.get     age: '0',
29 silly registry.get     'x-served-by': 'cache-ams4140-AMS',
29 silly registry.get     'x-cache': 'MISS',
29 silly registry.get     'x-cache-hits': '0',
29 silly registry.get     'x-timer': 'S1427826290.358153,VS0,VE166',
29 silly registry.get     'keep-alive': 'timeout=10, max=50',
29 silly registry.get     connection: 'Keep-Alive' } ]
30 silly lockFile 18d6916d-nodejs-websocket nodejs=websocket@
31 silly lockFile 18d6916d-nodejs-websocket nodejs=websocket@
32 error 404 404 Not Found: nodejs%3Dwebsocket
32 error 404
32 error 404 'nodejs%3Dwebsocket' is not in the npm registry.
32 error 404 You should bug the author to publish it
32 error 404 It was specified as a dependency of 'eindopdracht'
32 error 404
32 error 404 Note that you can also install from a
32 error 404 tarball, folder, or http url, or git url.
33 error System Windows_NT 6.1.7601
34 error command "C:\\Program Files\\nodejs\\\\node.exe" "C:\\Program Files\\nodejs\\node_modules\\npm\\bin\\npm-cli.js" "install" "nodejs=websocket"
35 error cwd C:\Users\Jarno\Desktop\Einopdracht-webs5
36 error node -v v0.10.36
37 error npm -v 1.4.28
38 error code E404
39 verbose exit [ 1, true ]
